# JRE version: OpenJDK Runtime Environment (8.0_242-b01) (build 1.8.0_242-release-1644-b01)
# Java VM: OpenJDK 64-Bit Server VM (25.242-b01 mixed mode windows-amd64 compressed oops)
Heap:
 PSYoungGen      total 344576K, used 120863K [0x00000000d5580000, 0x00000000ec280000, 0x0000000100000000)
  eden space 330752K, 34% used [0x00000000d5580000,0x00000000dc3d3f50,0x00000000e9880000)
  from space 13824K, 57% used [0x00000000eb500000,0x00000000ebcb4070,0x00000000ec280000)
  to   space 21504K, 0% used [0x00000000e9880000,0x00000000e9880000,0x00000000ead80000)
 ParOldGen       total 121856K, used 51489K [0x0000000080000000, 0x0000000087700000, 0x00000000d5580000)
  object space 121856K, 42% used [0x0000000080000000,0x0000000083248728,0x0000000087700000)
 Metaspace       used 92037K, capacity 98242K, committed 98304K, reserved 1134592K
  class space    used 12211K, capacity 13300K, committed 13312K, reserved 1048576K
GC Heap History (10 events):
Event: 18.183 GC heap before
{Heap before GC invocations=17 (full 3):
 PSYoungGen      total 200192K, used 200184K [0x00000000d5580000, 0x00000000e6600000, 0x0000000100000000)
  eden space 180736K, 100% used [0x00000000d5580000,0x00000000e0600000,0x00000000e0600000)
  from space 19456K, 99% used [0x00000000e0600000,0x00000000e18fe2f0,0x00000000e1900000)
  to   space 23552K, 0% used [0x00000000e4f00000,0x00000000e4f00000,0x00000000e6600000)
 ParOldGen       total 121856K, used 31328K [0x0000000080000000, 0x0000000087700000, 0x00000000d5580000)
  object space 121856K, 25% used [0x0000000080000000,0x0000000081e982a0,0x0000000087700000)
 Metaspace       used 69359K, capacity 72898K, committed 73216K, reserved 1112064K
  class space    used 9489K, capacity 10146K, committed 10240K, reserved 1048576K
Event: 18.203 GC heap after
Heap after GC invocations=17 (full 3):
 PSYoungGen      total 241152K, used 9563K [0x00000000d5580000, 0x00000000e5d80000, 0x0000000100000000)
  eden space 226304K, 0% used [0x00000000d5580000,0x00000000d5580000,0x00000000e3280000)
  from space 14848K, 64% used [0x00000000e4f00000,0x00000000e5856c58,0x00000000e5d80000)
  to   space 22016K, 0% used [0x00000000e3280000,0x00000000e3280000,0x00000000e4800000)
 ParOldGen       total 121856K, used 42544K [0x0000000080000000, 0x0000000087700000, 0x00000000d5580000)
  object space 121856K, 34% used [0x0000000080000000,0x000000008298c2d0,0x0000000087700000)
 Metaspace       used 69359K, capacity 72898K, committed 73216K, reserved 1112064K
  class space    used 9489K, capacity 10146K, committed 10240K, reserved 1048576K
}
Event: 21.212 GC heap before
{Heap before GC invocations=18 (full 3):
 PSYoungGen      total 241152K, used 235867K [0x00000000d5580000, 0x00000000e5d80000, 0x0000000100000000)
  eden space 226304K, 100% used [0x00000000d5580000,0x00000000e3280000,0x00000000e3280000)
  from space 14848K, 64% used [0x00000000e4f00000,0x00000000e5856c58,0x00000000e5d80000)
  to   space 22016K, 0% used [0x00000000e3280000,0x00000000e3280000,0x00000000e4800000)
 ParOldGen       total 121856K, used 42544K [0x0000000080000000, 0x0000000087700000, 0x00000000d5580000)
  object space 121856K, 34% used [0x0000000080000000,0x000000008298c2d0,0x0000000087700000)
 Metaspace       used 84991K, capacity 90460K, committed 90624K, reserved 1126400K
  class space    used 11747K, capacity 12729K, committed 12800K, reserved 1048576K
Event: 21.456 GC heap after
Heap after GC invocations=18 (full 3):
 PSYoungGen      total 248320K, used 20140K [0x00000000d5580000, 0x00000000eab00000, 0x0000000100000000)
  eden space 226304K, 0% used [0x00000000d5580000,0x00000000d5580000,0x00000000e3280000)
  from space 22016K, 91% used [0x00000000e3280000,0x00000000e462b2d8,0x00000000e4800000)
  to   space 24576K, 0% used [0x00000000e9300000,0x00000000e9300000,0x00000000eab00000)
 ParOldGen       total 121856K, used 42552K [0x0000000080000000, 0x0000000087700000, 0x00000000d5580000)
  object space 121856K, 34% used [0x0000000080000000,0x000000008298e2d0,0x0000000087700000)
 Metaspace       used 84991K, capacity 90460K, committed 90624K, reserved 1126400K
  class space    used 11747K, capacity 12729K, committed 12800K, reserved 1048576K
}
Event: 1155.824 GC heap before
{Heap before GC invocations=19 (full 3):
 PSYoungGen      total 248320K, used 246444K [0x00000000d5580000, 0x00000000eab00000, 0x0000000100000000)
  eden space 226304K, 100% used [0x00000000d5580000,0x00000000e3280000,0x00000000e3280000)
  from space 22016K, 91% used [0x00000000e3280000,0x00000000e462b2d8,0x00000000e4800000)
  to   space 24576K, 0% used [0x00000000e9300000,0x00000000e9300000,0x00000000eab00000)
 ParOldGen       total 121856K, used 42552K [0x0000000080000000, 0x0000000087700000, 0x00000000d5580000)
  object space 121856K, 34% used [0x0000000080000000,0x000000008298e2d0,0x0000000087700000)
 Metaspace       used 89632K, capacity 95254K, committed 95616K, reserved 1132544K
  class space    used 12085K, capacity 13080K, committed 13184K, reserved 1048576K
Event: 1155.923 GC heap after
Heap after GC invocations=19 (full 3):
 PSYoungGen      total 303616K, used 10734K [0x00000000d5580000, 0x00000000e9f80000, 0x0000000100000000)
  eden space 290816K, 0% used [0x00000000d5580000,0x00000000d5580000,0x00000000e7180000)
  from space 12800K, 83% used [0x00000000e9300000,0x00000000e9d7bbd8,0x00000000e9f80000)
  to   space 23552K, 0% used [0x00000000e7180000,0x00000000e7180000,0x00000000e8880000)
 ParOldGen       total 121856K, used 51473K [0x0000000080000000, 0x0000000087700000, 0x00000000d5580000)
  object space 121856K, 42% used [0x0000000080000000,0x0000000083244728,0x0000000087700000)
 Metaspace       used 89632K, capacity 95254K, committed 95616K, reserved 1132544K
  class space    used 12085K, capacity 13080K, committed 13184K, reserved 1048576K
}
Event: 1495.112 GC heap before
{Heap before GC invocations=20 (full 3):
 PSYoungGen      total 303616K, used 301550K [0x00000000d5580000, 0x00000000e9f80000, 0x0000000100000000)
  eden space 290816K, 100% used [0x00000000d5580000,0x00000000e7180000,0x00000000e7180000)
  from space 12800K, 83% used [0x00000000e9300000,0x00000000e9d7bbd8,0x00000000e9f80000)
  to   space 23552K, 0% used [0x00000000e7180000,0x00000000e7180000,0x00000000e8880000)
 ParOldGen       total 121856K, used 51473K [0x0000000080000000, 0x0000000087700000, 0x00000000d5580000)
  object space 121856K, 42% used [0x0000000080000000,0x0000000083244728,0x0000000087700000)
 Metaspace       used 90789K, capacity 96534K, committed 96640K, reserved 1132544K
  class space    used 12120K, capacity 13136K, committed 13184K, reserved 1048576K
Event: 1495.346 GC heap after
Heap after GC invocations=20 (full 3):
 PSYoungGen      total 314368K, used 10971K [0x00000000d5580000, 0x00000000eca80000, 0x0000000100000000)
  eden space 290816K, 0% used [0x00000000d5580000,0x00000000d5580000,0x00000000e7180000)
  from space 23552K, 46% used [0x00000000e7180000,0x00000000e7c36f48,0x00000000e8880000)
  to   space 22016K, 0% used [0x00000000eb500000,0x00000000eb500000,0x00000000eca80000)
 ParOldGen       total 121856K, used 51481K [0x0000000080000000, 0x0000000087700000, 0x00000000d5580000)
  object space 121856K, 42% used [0x0000000080000000,0x0000000083246728,0x0000000087700000)
 Metaspace       used 90789K, capacity 96534K, committed 96640K, reserved 1132544K
  class space    used 12120K, capacity 13136K, committed 13184K, reserved 1048576K
}
Event: 1670.110 GC heap before
{Heap before GC invocations=21 (full 3):
 PSYoungGen      total 314368K, used 301787K [0x00000000d5580000, 0x00000000eca80000, 0x0000000100000000)
  eden space 290816K, 100% used [0x00000000d5580000,0x00000000e7180000,0x00000000e7180000)
  from space 23552K, 46% used [0x00000000e7180000,0x00000000e7c36f48,0x00000000e8880000)
  to   space 22016K, 0% used [0x00000000eb500000,0x00000000eb500000,0x00000000eca80000)
 ParOldGen       total 121856K, used 51481K [0x0000000080000000, 0x0000000087700000, 0x00000000d5580000)
  object space 121856K, 42% used [0x0000000080000000,0x0000000083246728,0x0000000087700000)
 Metaspace       used 91541K, capacity 97576K, committed 97792K, reserved 1134592K
  class space    used 12164K, capacity 13217K, committed 13312K, reserved 1048576K
Event: 1670.264 GC heap after
Heap after GC invocations=21 (full 3):
 PSYoungGen      total 344576K, used 7888K [0x00000000d5580000, 0x00000000ec280000, 0x0000000100000000)
  eden space 330752K, 0% used [0x00000000d5580000,0x00000000d5580000,0x00000000e9880000)
  from space 13824K, 57% used [0x00000000eb500000,0x00000000ebcb4070,0x00000000ec280000)
  to   space 21504K, 0% used [0x00000000e9880000,0x00000000e9880000,0x00000000ead80000)
 ParOldGen       total 121856K, used 51489K [0x0000000080000000, 0x0000000087700000, 0x00000000d5580000)
  object space 121856K, 42% used [0x0000000080000000,0x0000000083248728,0x0000000087700000)
 Metaspace       used 91541K, capacity 97576K, committed 97792K, reserved 1134592K
  class space    used 12164K, capacity 13217K, committed 13312K, reserved 1048576K
}

